<?xml version="1.0" encoding="UTF-8"?>
<!-- Generated by org.testng.reporters.JUnitReportReporter -->
<testsuite hostname="Harshit" failures="0" tests="1" name="com.Ecommerce.testScripts.loginModule.ValidLoginTest" time="2.589" errors="0" timestamp="2025-05-31T12:00:02 IST" skipped="0">
  <testcase classname="com.Ecommerce.testScripts.loginModule.ValidLoginTest" name="doValidLogin" time="2.589"/>
  <system-out>
    <![CDATA[==server connected successfully==
==database connected successfully
browser chrome launched successfully
browser closed sucessfully
==database closed successfully==
==server closed successfully]]>
  </system-out>
</testsuite> <!-- com.Ecommerce.testScripts.loginModule.ValidLoginTest -->
